Current local time and date: Sun Nov 10 20:01:25 2013
[  NORMAL ]  Creating simple 4x4 lattice...
[  NORMAL ]  Creating geometry...
[  NORMAL ]  Number of flat source regions: 1280
[  NORMAL ]  Reading tracks in from file
[  NORMAL ]  Initializing track boundary conditions...
[  NORMAL ]  Converging the source...
[  NORMAL ]  Iteration 0: 	k_eff = 1.000000	res = 0.000E+00
[  NORMAL ]  Iteration 1: 	k_eff = 1.066550	res = 1.414E+00
[  NORMAL ]  Iteration 2: 	k_eff = 1.127652	res = 3.735E-01
[  NORMAL ]  Iteration 3: 	k_eff = 1.154770	res = 1.236E-01
[  NORMAL ]  Iteration 4: 	k_eff = 1.170723	res = 8.106E-02
[  NORMAL ]  Iteration 5: 	k_eff = 1.182095	res = 6.677E-02
[  NORMAL ]  Iteration 6: 	k_eff = 1.190741	res = 6.517E-02
[  NORMAL ]  Iteration 7: 	k_eff = 1.197580	res = 6.287E-02
[  NORMAL ]  Iteration 8: 	k_eff = 1.203122	res = 6.161E-02
[  NORMAL ]  Iteration 9: 	k_eff = 1.207703	res = 6.057E-02
[  NORMAL ]  Iteration 10: 	k_eff = 1.211555	res = 5.975E-02
[  NORMAL ]  Iteration 11: 	k_eff = 1.214844	res = 5.905E-02
[  NORMAL ]  Iteration 12: 	k_eff = 1.217691	res = 5.844E-02
[  NORMAL ]  Iteration 13: 	k_eff = 1.220186	res = 5.789E-02
[  NORMAL ]  Iteration 14: 	k_eff = 1.222397	res = 5.739E-02
[  NORMAL ]  Iteration 15: 	k_eff = 1.224375	res = 5.693E-02
[  NORMAL ]  Iteration 16: 	k_eff = 1.226158	res = 5.650E-02
[  NORMAL ]  Iteration 17: 	k_eff = 1.227779	res = 5.610E-02
[  NORMAL ]  Iteration 18: 	k_eff = 1.229261	res = 5.573E-02
[  NORMAL ]  Iteration 19: 	k_eff = 1.230623	res = 5.538E-02
[  NORMAL ]  Iteration 20: 	k_eff = 1.231881	res = 5.505E-02
[  NORMAL ]  Iteration 21: 	k_eff = 1.233047	res = 5.474E-02
[  NORMAL ]  Iteration 22: 	k_eff = 1.234132	res = 5.445E-02
[  NORMAL ]  Iteration 23: 	k_eff = 1.235145	res = 5.417E-02
[  NORMAL ]  Iteration 24: 	k_eff = 1.236092	res = 5.391E-02
[  NORMAL ]  Iteration 25: 	k_eff = 1.236980	res = 5.366E-02
[  NORMAL ]  Iteration 26: 	k_eff = 1.237813	res = 5.343E-02
[  NORMAL ]  Iteration 27: 	k_eff = 1.238598	res = 5.321E-02
[  NORMAL ]  Iteration 28: 	k_eff = 1.239336	res = 5.300E-02
[  NORMAL ]  Iteration 29: 	k_eff = 1.240033	res = 5.281E-02
[  NORMAL ]  Iteration 30: 	k_eff = 1.240691	res = 5.262E-02
[  NORMAL ]  Iteration 31: 	k_eff = 1.241312	res = 5.244E-02
[  NORMAL ]  Iteration 32: 	k_eff = 1.241900	res = 5.227E-02
[  NORMAL ]  Iteration 33: 	k_eff = 1.242456	res = 5.212E-02
[  NORMAL ]  Iteration 34: 	k_eff = 1.242983	res = 5.197E-02
[  NORMAL ]  Iteration 35: 	k_eff = 1.243482	res = 5.182E-02
[  NORMAL ]  Iteration 36: 	k_eff = 1.243955	res = 5.169E-02
[  NORMAL ]  Iteration 37: 	k_eff = 1.244403	res = 5.156E-02
[  NORMAL ]  Iteration 38: 	k_eff = 1.244828	res = 5.144E-02
[  NORMAL ]  Iteration 39: 	k_eff = 1.245232	res = 5.132E-02
[  NORMAL ]  Iteration 40: 	k_eff = 1.245615	res = 5.121E-02
[  NORMAL ]  Iteration 41: 	k_eff = 1.245979	res = 5.111E-02
[  NORMAL ]  Iteration 42: 	k_eff = 1.246324	res = 5.101E-02
[  NORMAL ]  Iteration 43: 	k_eff = 1.246652	res = 5.092E-02
[  NORMAL ]  Iteration 44: 	k_eff = 1.246965	res = 5.083E-02
[  NORMAL ]  Iteration 45: 	k_eff = 1.247261	res = 5.074E-02
[  NORMAL ]  Iteration 46: 	k_eff = 1.247542	res = 5.066E-02
[  NORMAL ]  Iteration 47: 	k_eff = 1.247810	res = 5.059E-02
[  NORMAL ]  Iteration 48: 	k_eff = 1.248065	res = 5.051E-02
[  NORMAL ]  Iteration 49: 	k_eff = 1.248307	res = 5.044E-02
[  NORMAL ]  Iteration 50: 	k_eff = 1.248537	res = 5.038E-02
[  NORMAL ]  Iteration 51: 	k_eff = 1.248756	res = 5.032E-02
[  NORMAL ]  Iteration 52: 	k_eff = 1.248965	res = 5.026E-02
[  NORMAL ]  Iteration 53: 	k_eff = 1.249163	res = 5.020E-02
[  NORMAL ]  Iteration 54: 	k_eff = 1.249351	res = 5.015E-02
[  NORMAL ]  Iteration 55: 	k_eff = 1.249531	res = 5.010E-02
[  NORMAL ]  Iteration 56: 	k_eff = 1.249702	res = 5.005E-02
[  NORMAL ]  Iteration 57: 	k_eff = 1.249864	res = 5.000E-02
[  NORMAL ]  Iteration 58: 	k_eff = 1.250019	res = 4.996E-02
[  NORMAL ]  Iteration 59: 	k_eff = 1.250166	res = 4.992E-02
[  NORMAL ]  Iteration 60: 	k_eff = 1.250306	res = 4.988E-02
[  NORMAL ]  Iteration 61: 	k_eff = 1.250440	res = 4.984E-02
[  NORMAL ]  Iteration 62: 	k_eff = 1.250567	res = 4.980E-02
[  NORMAL ]  Iteration 63: 	k_eff = 1.250688	res = 4.977E-02
[  NORMAL ]  Iteration 64: 	k_eff = 1.250803	res = 4.974E-02
[  NORMAL ]  Iteration 65: 	k_eff = 1.250913	res = 4.970E-02
[  NORMAL ]  Iteration 66: 	k_eff = 1.251017	res = 4.967E-02
[  NORMAL ]  Iteration 67: 	k_eff = 1.251117	res = 4.965E-02
[  NORMAL ]  Iteration 68: 	k_eff = 1.251212	res = 4.962E-02
[  NORMAL ]  Iteration 69: 	k_eff = 1.251302	res = 4.959E-02
[  NORMAL ]  Iteration 70: 	k_eff = 1.251388	res = 4.957E-02
[  NORMAL ]  Iteration 71: 	k_eff = 1.251470	res = 4.955E-02
[  NORMAL ]  Iteration 72: 	k_eff = 1.251548	res = 4.952E-02
[  NORMAL ]  Iteration 73: 	k_eff = 1.251622	res = 4.950E-02
[  NORMAL ]  Iteration 74: 	k_eff = 1.251693	res = 4.948E-02
[  NORMAL ]  Iteration 75: 	k_eff = 1.251760	res = 4.946E-02
[  NORMAL ]  Iteration 76: 	k_eff = 1.251824	res = 4.945E-02
[  NORMAL ]  Iteration 77: 	k_eff = 1.251885	res = 4.943E-02
[  NORMAL ]  Iteration 78: 	k_eff = 1.251944	res = 4.941E-02
[  NORMAL ]  Iteration 79: 	k_eff = 1.251999	res = 4.940E-02
[  NORMAL ]  Iteration 80: 	k_eff = 1.252052	res = 4.938E-02
[  NORMAL ]  Iteration 81: 	k_eff = 1.252102	res = 4.937E-02
[  NORMAL ]  Iteration 82: 	k_eff = 1.252150	res = 4.935E-02
[  NORMAL ]  Iteration 83: 	k_eff = 1.252196	res = 4.934E-02
[  NORMAL ]  Iteration 84: 	k_eff = 1.252240	res = 4.933E-02
[  NORMAL ]  Iteration 85: 	k_eff = 1.252281	res = 4.932E-02
[  NORMAL ]  Iteration 86: 	k_eff = 1.252321	res = 4.931E-02
[  NORMAL ]  Iteration 87: 	k_eff = 1.252359	res = 4.929E-02
[  NORMAL ]  Iteration 88: 	k_eff = 1.252395	res = 4.928E-02
[  NORMAL ]  Iteration 89: 	k_eff = 1.252429	res = 4.928E-02
[  NORMAL ]  Iteration 90: 	k_eff = 1.252462	res = 4.927E-02
[  NORMAL ]  Iteration 91: 	k_eff = 1.252492	res = 4.926E-02
[  NORMAL ]  Iteration 92: 	k_eff = 1.252522	res = 4.925E-02
[  NORMAL ]  Iteration 93: 	k_eff = 1.252550	res = 4.924E-02
[  NORMAL ]  Iteration 94: 	k_eff = 1.252577	res = 4.923E-02
[  NORMAL ]  Iteration 95: 	k_eff = 1.252603	res = 4.923E-02
[  NORMAL ]  Iteration 96: 	k_eff = 1.252627	res = 4.922E-02
[  NORMAL ]  Iteration 97: 	k_eff = 1.252651	res = 4.921E-02
[  NORMAL ]  Iteration 98: 	k_eff = 1.252673	res = 4.921E-02
[  NORMAL ]  Iteration 99: 	k_eff = 1.252694	res = 4.920E-02
[  NORMAL ]  Iteration 100: 	k_eff = 1.252714	res = 4.919E-02
[  NORMAL ]  Iteration 101: 	k_eff = 1.252733	res = 4.919E-02
[  NORMAL ]  Iteration 102: 	k_eff = 1.252752	res = 4.918E-02
[  NORMAL ]  Iteration 103: 	k_eff = 1.252769	res = 4.918E-02
[  NORMAL ]  Iteration 104: 	k_eff = 1.252786	res = 4.917E-02
[  NORMAL ]  Iteration 105: 	k_eff = 1.252802	res = 4.917E-02
[  NORMAL ]  Iteration 106: 	k_eff = 1.252817	res = 4.917E-02
[  NORMAL ]  Iteration 107: 	k_eff = 1.252831	res = 4.916E-02
[  NORMAL ]  Iteration 108: 	k_eff = 1.252845	res = 4.916E-02
[  NORMAL ]  Iteration 109: 	k_eff = 1.252858	res = 4.915E-02
[  NORMAL ]  Iteration 110: 	k_eff = 1.252870	res = 4.915E-02
[  NORMAL ]  Iteration 111: 	k_eff = 1.252882	res = 4.915E-02
[  NORMAL ]  Iteration 112: 	k_eff = 1.252894	res = 4.914E-02
[  NORMAL ]  Iteration 113: 	k_eff = 1.252904	res = 4.914E-02
[  NORMAL ]  Iteration 114: 	k_eff = 1.252915	res = 4.914E-02
[  NORMAL ]  Iteration 115: 	k_eff = 1.252925	res = 4.914E-02
[  NORMAL ]  Iteration 116: 	k_eff = 1.252934	res = 4.913E-02
[  NORMAL ]  Iteration 117: 	k_eff = 1.252943	res = 4.913E-02
[  NORMAL ]  Iteration 118: 	k_eff = 1.252951	res = 4.913E-02
[  NORMAL ]  Iteration 119: 	k_eff = 1.252959	res = 4.913E-02
[  NORMAL ]  Iteration 120: 	k_eff = 1.252967	res = 4.912E-02
[  NORMAL ]  Iteration 121: 	k_eff = 1.252975	res = 4.912E-02
[  NORMAL ]  Iteration 122: 	k_eff = 1.252981	res = 4.912E-02
[  NORMAL ]  Iteration 123: 	k_eff = 1.252988	res = 4.912E-02
[  NORMAL ]  Iteration 124: 	k_eff = 1.252995	res = 4.912E-02
[  NORMAL ]  Iteration 125: 	k_eff = 1.253001	res = 4.911E-02
[  NORMAL ]  Iteration 126: 	k_eff = 1.253006	res = 4.911E-02
[  NORMAL ]  Iteration 127: 	k_eff = 1.253012	res = 4.911E-02
[  NORMAL ]  Iteration 128: 	k_eff = 1.253017	res = 4.911E-02
[  NORMAL ]  Iteration 129: 	k_eff = 1.253022	res = 4.911E-02
[  NORMAL ]  Iteration 130: 	k_eff = 1.253027	res = 4.911E-02
[  NORMAL ]  Iteration 131: 	k_eff = 1.253031	res = 4.910E-02
[  NORMAL ]  Iteration 132: 	k_eff = 1.253036	res = 4.910E-02
[  NORMAL ]  Iteration 133: 	k_eff = 1.253040	res = 4.910E-02
[  NORMAL ]  Iteration 134: 	k_eff = 1.253044	res = 4.910E-02
[  NORMAL ]  Iteration 135: 	k_eff = 1.253048	res = 4.910E-02
[  NORMAL ]  Iteration 136: 	k_eff = 1.253051	res = 4.910E-02
[  NORMAL ]  Iteration 137: 	k_eff = 1.253054	res = 4.910E-02
[  NORMAL ]  Iteration 138: 	k_eff = 1.253058	res = 4.910E-02
[  NORMAL ]  Iteration 139: 	k_eff = 1.253061	res = 4.910E-02
[  NORMAL ]  Iteration 140: 	k_eff = 1.253064	res = 4.910E-02
[  NORMAL ]  Iteration 141: 	k_eff = 1.253067	res = 4.910E-02
[  NORMAL ]  Iteration 142: 	k_eff = 1.253069	res = 4.909E-02
[  NORMAL ]  Iteration 143: 	k_eff = 1.253072	res = 4.909E-02
[  NORMAL ]  Iteration 144: 	k_eff = 1.253074	res = 4.909E-02
[  NORMAL ]  Iteration 145: 	k_eff = 1.253077	res = 4.909E-02
[  NORMAL ]  Iteration 146: 	k_eff = 1.253079	res = 4.909E-02
[  NORMAL ]  Iteration 147: 	k_eff = 1.253081	res = 4.909E-02
[  NORMAL ]  Iteration 148: 	k_eff = 1.253083	res = 4.909E-02
[  NORMAL ]  Iteration 149: 	k_eff = 1.253085	res = 4.909E-02
[  NORMAL ]  Iteration 150: 	k_eff = 1.253087	res = 4.909E-02
[  NORMAL ]  Iteration 151: 	k_eff = 1.253088	res = 4.909E-02
[  NORMAL ]  Iteration 152: 	k_eff = 1.253090	res = 4.909E-02
[  NORMAL ]  Iteration 153: 	k_eff = 1.253092	res = 4.909E-02
[  NORMAL ]  Iteration 154: 	k_eff = 1.253093	res = 4.909E-02
[  NORMAL ]  Iteration 155: 	k_eff = 1.253095	res = 4.909E-02
[  NORMAL ]  Iteration 156: 	k_eff = 1.253096	res = 4.909E-02
[  NORMAL ]  Iteration 157: 	k_eff = 1.253097	res = 4.909E-02
[  NORMAL ]  Iteration 158: 	k_eff = 1.253099	res = 4.909E-02
[  NORMAL ]  Iteration 159: 	k_eff = 1.253100	res = 4.909E-02
[  NORMAL ]  Iteration 160: 	k_eff = 1.253101	res = 4.909E-02
[  NORMAL ]  Iteration 161: 	k_eff = 1.253102	res = 4.909E-02
[  NORMAL ]  Iteration 162: 	k_eff = 1.253103	res = 4.908E-02
[  NORMAL ]  Iteration 163: 	k_eff = 1.253104	res = 4.908E-02
[  NORMAL ]  Iteration 164: 	k_eff = 1.253105	res = 4.908E-02
[  NORMAL ]  Iteration 165: 	k_eff = 1.253106	res = 4.908E-02
[  NORMAL ]  Iteration 166: 	k_eff = 1.253107	res = 4.908E-02
[  NORMAL ]  Iteration 167: 	k_eff = 1.253108	res = 4.908E-02
[  NORMAL ]  Iteration 168: 	k_eff = 1.253108	res = 4.908E-02
[  NORMAL ]  Iteration 169: 	k_eff = 1.253109	res = 4.908E-02
[  NORMAL ]  Iteration 170: 	k_eff = 1.253110	res = 4.908E-02
[  NORMAL ]  Iteration 171: 	k_eff = 1.253111	res = 4.908E-02
[  NORMAL ]  Iteration 172: 	k_eff = 1.253111	res = 4.908E-02
[  NORMAL ]  Iteration 173: 	k_eff = 1.253112	res = 4.908E-02
[  NORMAL ]  Iteration 174: 	k_eff = 1.253112	res = 4.908E-02
[  NORMAL ]  Iteration 175: 	k_eff = 1.253113	res = 4.908E-02
[  NORMAL ]  Iteration 176: 	k_eff = 1.253113	res = 4.908E-02
[  NORMAL ]  Iteration 177: 	k_eff = 1.253114	res = 4.908E-02
[  NORMAL ]  Iteration 178: 	k_eff = 1.253114	res = 4.908E-02
[  NORMAL ]  Iteration 179: 	k_eff = 1.253115	res = 4.908E-02
[  NORMAL ]  Iteration 180: 	k_eff = 1.253115	res = 4.908E-02
[  NORMAL ]  Iteration 181: 	k_eff = 1.253116	res = 4.908E-02
[  NORMAL ]  Iteration 182: 	k_eff = 1.253116	res = 4.908E-02
[  NORMAL ]  Iteration 183: 	k_eff = 1.253116	res = 4.908E-02
[  NORMAL ]  Iteration 184: 	k_eff = 1.253117	res = 4.908E-02
[  NORMAL ]  Iteration 185: 	k_eff = 1.253117	res = 4.908E-02
[  NORMAL ]  Iteration 186: 	k_eff = 1.253118	res = 4.908E-02
[  NORMAL ]  Iteration 187: 	k_eff = 1.253118	res = 4.908E-02
[  NORMAL ]  Iteration 188: 	k_eff = 1.253118	res = 4.908E-02
[  NORMAL ]  Iteration 189: 	k_eff = 1.253118	res = 4.908E-02
[  NORMAL ]  Iteration 190: 	k_eff = 1.253119	res = 4.908E-02
[  NORMAL ]  Iteration 191: 	k_eff = 1.253119	res = 4.908E-02
[  NORMAL ]  Iteration 192: 	k_eff = 1.253119	res = 4.908E-02
[  NORMAL ]  Iteration 193: 	k_eff = 1.253119	res = 4.908E-02
[  NORMAL ]  Iteration 194: 	k_eff = 1.253119	res = 4.908E-02
[  NORMAL ]  Iteration 195: 	k_eff = 1.253120	res = 4.908E-02
[  NORMAL ]  Iteration 196: 	k_eff = 1.253120	res = 4.908E-02
[  NORMAL ]  Iteration 197: 	k_eff = 1.253120	res = 4.908E-02
[  NORMAL ]  Iteration 198: 	k_eff = 1.253120	res = 4.908E-02
[  NORMAL ]  Iteration 199: 	k_eff = 1.253121	res = 4.908E-02
[  NORMAL ]  Iteration 200: 	k_eff = 1.253121	res = 4.908E-02
[  NORMAL ]  Iteration 201: 	k_eff = 1.253121	res = 4.908E-02
[  NORMAL ]  Iteration 202: 	k_eff = 1.253121	res = 4.908E-02
[  NORMAL ]  Iteration 203: 	k_eff = 1.253121	res = 4.908E-02
[  NORMAL ]  Iteration 204: 	k_eff = 1.253121	res = 4.908E-02
[  NORMAL ]  Iteration 205: 	k_eff = 1.253121	res = 4.908E-02
[  NORMAL ]  Iteration 206: 	k_eff = 1.253121	res = 4.908E-02
[  NORMAL ]  Iteration 207: 	k_eff = 1.253122	res = 4.908E-02
[  NORMAL ]  Iteration 208: 	k_eff = 1.253122	res = 4.908E-02
[  NORMAL ]  Iteration 209: 	k_eff = 1.253122	res = 4.908E-02
[  NORMAL ]  Iteration 210: 	k_eff = 1.253122	res = 4.908E-02
[  NORMAL ]  Iteration 211: 	k_eff = 1.253122	res = 4.908E-02
[  NORMAL ]  Iteration 212: 	k_eff = 1.253122	res = 4.908E-02
[  NORMAL ]  Iteration 213: 	k_eff = 1.253122	res = 4.908E-02
[  NORMAL ]  Iteration 214: 	k_eff = 1.253122	res = 4.908E-02
[  NORMAL ]  Iteration 215: 	k_eff = 1.253122	res = 4.908E-02
[  NORMAL ]  Iteration 216: 	k_eff = 1.253123	res = 4.908E-02
[  NORMAL ]  Iteration 217: 	k_eff = 1.253122	res = 4.908E-02
[  NORMAL ]  Iteration 218: 	k_eff = 1.253123	res = 4.908E-02
[  NORMAL ]  Iteration 219: 	k_eff = 1.253123	res = 4.908E-02
[  NORMAL ]  Iteration 220: 	k_eff = 1.253123	res = 4.908E-02
[  NORMAL ]  Iteration 221: 	k_eff = 1.253123	res = 4.908E-02
[  NORMAL ]  Iteration 222: 	k_eff = 1.253123	res = 4.908E-02
[  NORMAL ]  Iteration 223: 	k_eff = 1.253123	res = 4.908E-02
[  NORMAL ]  Iteration 224: 	k_eff = 1.253123	res = 4.908E-02
[  NORMAL ]  Iteration 225: 	k_eff = 1.253123	res = 4.908E-02
[  NORMAL ]  Iteration 226: 	k_eff = 1.253123	res = 4.908E-02
[  NORMAL ]  Iteration 227: 	k_eff = 1.253123	res = 4.908E-02
[  NORMAL ]  Iteration 228: 	k_eff = 1.253123	res = 4.908E-02
[  NORMAL ]  Iteration 229: 	k_eff = 1.253123	res = 4.908E-02
[  NORMAL ]  Iteration 230: 	k_eff = 1.253123	res = 4.908E-02
[  NORMAL ]  Iteration 231: 	k_eff = 1.253123	res = 4.908E-02
[  NORMAL ]  Iteration 232: 	k_eff = 1.253123	res = 4.908E-02
[  NORMAL ]  Iteration 233: 	k_eff = 1.253123	res = 4.908E-02
[  NORMAL ]  Iteration 234: 	k_eff = 1.253123	res = 4.908E-02
[  NORMAL ]  Iteration 235: 	k_eff = 1.253123	res = 4.908E-02
[  NORMAL ]  Iteration 236: 	k_eff = 1.253124	res = 4.908E-02
[  NORMAL ]  Iteration 237: 	k_eff = 1.253124	res = 4.908E-02
[  NORMAL ]  Iteration 238: 	k_eff = 1.253124	res = 4.908E-02
[  NORMAL ]  Iteration 239: 	k_eff = 1.253124	res = 4.908E-02
[  NORMAL ]  Iteration 240: 	k_eff = 1.253124	res = 4.908E-02
[  NORMAL ]  Iteration 241: 	k_eff = 1.253124	res = 4.908E-02
[  NORMAL ]  Iteration 242: 	k_eff = 1.253124	res = 4.908E-02
[  NORMAL ]  Iteration 243: 	k_eff = 1.253124	res = 4.908E-02
[  NORMAL ]  Iteration 244: 	k_eff = 1.253124	res = 4.908E-02
[  NORMAL ]  Iteration 245: 	k_eff = 1.253124	res = 4.908E-02
[  NORMAL ]  Iteration 246: 	k_eff = 1.253124	res = 4.908E-02
[  NORMAL ]  Iteration 247: 	k_eff = 1.253124	res = 4.908E-02
[  NORMAL ]  Iteration 248: 	k_eff = 1.253124	res = 4.908E-02
[  NORMAL ]  Iteration 249: 	k_eff = 1.253124	res = 4.908E-02
[  NORMAL ]  Iteration 250: 	k_eff = 1.253124	res = 4.908E-02
[  NORMAL ]  Iteration 251: 	k_eff = 1.253124	res = 4.908E-02
[  NORMAL ]  Iteration 252: 	k_eff = 1.253124	res = 4.908E-02
[  NORMAL ]  Iteration 253: 	k_eff = 1.253124	res = 4.908E-02
[  NORMAL ]  Iteration 254: 	k_eff = 1.253124	res = 4.908E-02
[  NORMAL ]  Iteration 255: 	k_eff = 1.253124	res = 4.908E-02
[  NORMAL ]  Iteration 256: 	k_eff = 1.253124	res = 4.908E-02
[  NORMAL ]  Iteration 257: 	k_eff = 1.253124	res = 4.908E-02
[  NORMAL ]  Iteration 258: 	k_eff = 1.253124	res = 4.908E-02
[  NORMAL ]  Iteration 259: 	k_eff = 1.253124	res = 4.908E-02
[  NORMAL ]  Iteration 260: 	k_eff = 1.253124	res = 4.908E-02
[  NORMAL ]  Iteration 261: 	k_eff = 1.253124	res = 4.908E-02
[  NORMAL ]  Iteration 262: 	k_eff = 1.253124	res = 4.908E-02
[  NORMAL ]  Iteration 263: 	k_eff = 1.253124	res = 4.908E-02
[  NORMAL ]  Iteration 264: 	k_eff = 1.253124	res = 4.908E-02
[  NORMAL ]  Iteration 265: 	k_eff = 1.253124	res = 4.908E-02
[  NORMAL ]  Iteration 266: 	k_eff = 1.253124	res = 4.908E-02
[  NORMAL ]  Iteration 267: 	k_eff = 1.253124	res = 4.908E-02
[  NORMAL ]  Iteration 268: 	k_eff = 1.253124	res = 4.908E-02
[  NORMAL ]  Iteration 269: 	k_eff = 1.253124	res = 4.908E-02
[  NORMAL ]  Iteration 270: 	k_eff = 1.253124	res = 4.908E-02
[  NORMAL ]  Iteration 271: 	k_eff = 1.253124	res = 4.908E-02
[  NORMAL ]  Iteration 272: 	k_eff = 1.253124	res = 4.908E-02
[  NORMAL ]  Iteration 273: 	k_eff = 1.253124	res = 4.908E-02
[  NORMAL ]  Iteration 274: 	k_eff = 1.253124	res = 4.908E-02
[  NORMAL ]  Iteration 275: 	k_eff = 1.253124	res = 4.908E-02
[  NORMAL ]  Iteration 276: 	k_eff = 1.253124	res = 4.908E-02
[  NORMAL ]  Iteration 277: 	k_eff = 1.253124	res = 4.908E-02
[  NORMAL ]  Iteration 278: 	k_eff = 1.253124	res = 4.908E-02
[  NORMAL ]  Iteration 279: 	k_eff = 1.253124	res = 4.908E-02
[  NORMAL ]  Iteration 280: 	k_eff = 1.253124	res = 4.908E-02
[  NORMAL ]  Iteration 281: 	k_eff = 1.253124	res = 4.908E-02
[  NORMAL ]  Iteration 282: 	k_eff = 1.253124	res = 4.908E-02
[  NORMAL ]  Iteration 283: 	k_eff = 1.253124	res = 4.908E-02
[  NORMAL ]  Iteration 284: 	k_eff = 1.253124	res = 4.908E-02
[  NORMAL ]  Iteration 285: 	k_eff = 1.253124	res = 4.908E-02
[  NORMAL ]  Iteration 286: 	k_eff = 1.253124	res = 4.908E-02
[  NORMAL ]  Iteration 287: 	k_eff = 1.253124	res = 4.908E-02
[  NORMAL ]  Iteration 288: 	k_eff = 1.253124	res = 4.908E-02
[  NORMAL ]  Iteration 289: 	k_eff = 1.253124	res = 4.908E-02
[  NORMAL ]  Iteration 290: 	k_eff = 1.253124	res = 4.908E-02
[  NORMAL ]  Iteration 291: 	k_eff = 1.253124	res = 4.908E-02
[  NORMAL ]  Iteration 292: 	k_eff = 1.253124	res = 4.908E-02
[  NORMAL ]  Iteration 293: 	k_eff = 1.253124	res = 4.908E-02
[  NORMAL ]  Iteration 294: 	k_eff = 1.253124	res = 4.908E-02
[  NORMAL ]  Iteration 295: 	k_eff = 1.253124	res = 4.908E-02
[  NORMAL ]  Iteration 296: 	k_eff = 1.253124	res = 4.908E-02
[  NORMAL ]  Iteration 297: 	k_eff = 1.253124	res = 4.908E-02
[  NORMAL ]  Iteration 298: 	k_eff = 1.253124	res = 4.908E-02
[  NORMAL ]  Iteration 299: 	k_eff = 1.253124	res = 4.908E-02
[  NORMAL ]  Iteration 300: 	k_eff = 1.253124	res = 4.908E-02
[  NORMAL ]  Iteration 301: 	k_eff = 1.253124	res = 4.908E-02
[  NORMAL ]  Iteration 302: 	k_eff = 1.253124	res = 4.908E-02
[  NORMAL ]  Iteration 303: 	k_eff = 1.253124	res = 4.908E-02
[  NORMAL ]  Iteration 304: 	k_eff = 1.253124	res = 4.908E-02
[  NORMAL ]  Iteration 305: 	k_eff = 1.253124	res = 4.908E-02
[  NORMAL ]  Iteration 306: 	k_eff = 1.253124	res = 4.908E-02
[  NORMAL ]  Iteration 307: 	k_eff = 1.253124	res = 4.908E-02
[  NORMAL ]  Iteration 308: 	k_eff = 1.253124	res = 4.908E-02
[  NORMAL ]  Iteration 309: 	k_eff = 1.253124	res = 4.908E-02
[  NORMAL ]  Iteration 310: 	k_eff = 1.253124	res = 4.908E-02
[  NORMAL ]  Iteration 311: 	k_eff = 1.253124	res = 4.908E-02
[  NORMAL ]  Iteration 312: 	k_eff = 1.253124	res = 4.908E-02
[  NORMAL ]  Iteration 313: 	k_eff = 1.253124	res = 4.908E-02
[  NORMAL ]  Iteration 314: 	k_eff = 1.253124	res = 4.908E-02
[  NORMAL ]  Iteration 315: 	k_eff = 1.253124	res = 4.908E-02
[  NORMAL ]  Iteration 316: 	k_eff = 1.253124	res = 4.908E-02
[  NORMAL ]  Iteration 317: 	k_eff = 1.253124	res = 4.908E-02
[  NORMAL ]  Iteration 318: 	k_eff = 1.253124	res = 4.908E-02
[  NORMAL ]  Iteration 319: 	k_eff = 1.253124	res = 4.908E-02
[  NORMAL ]  Iteration 320: 	k_eff = 1.253124	res = 4.908E-02
[  NORMAL ]  Iteration 321: 	k_eff = 1.253124	res = 4.908E-02
[  NORMAL ]  Iteration 322: 	k_eff = 1.253124	res = 4.908E-02
[  NORMAL ]  Iteration 323: 	k_eff = 1.253124	res = 4.908E-02
[  NORMAL ]  Iteration 324: 	k_eff = 1.253124	res = 4.908E-02
[  NORMAL ]  Iteration 325: 	k_eff = 1.253124	res = 4.908E-02
[  NORMAL ]  Iteration 326: 	k_eff = 1.253124	res = 4.908E-02
[  NORMAL ]  Iteration 327: 	k_eff = 1.253124	res = 4.908E-02
[  NORMAL ]  Iteration 328: 	k_eff = 1.253124	res = 4.908E-02
[  NORMAL ]  Iteration 329: 	k_eff = 1.253124	res = 4.908E-02
[  NORMAL ]  Iteration 330: 	k_eff = 1.253124	res = 4.908E-02
[  NORMAL ]  Iteration 331: 	k_eff = 1.253124	res = 4.908E-02
[  NORMAL ]  Iteration 332: 	k_eff = 1.253124	res = 4.908E-02
[  NORMAL ]  Iteration 333: 	k_eff = 1.253124	res = 4.908E-02
[  NORMAL ]  Iteration 334: 	k_eff = 1.253124	res = 4.908E-02
[  NORMAL ]  Iteration 335: 	k_eff = 1.253124	res = 4.908E-02
[  NORMAL ]  Iteration 336: 	k_eff = 1.253124	res = 4.908E-02
[  NORMAL ]  Iteration 337: 	k_eff = 1.253124	res = 4.908E-02
[  NORMAL ]  Iteration 338: 	k_eff = 1.253124	res = 4.908E-02
[  NORMAL ]  Iteration 339: 	k_eff = 1.253124	res = 4.908E-02
[  NORMAL ]  Iteration 340: 	k_eff = 1.253124	res = 4.908E-02
[  NORMAL ]  Iteration 341: 	k_eff = 1.253124	res = 4.908E-02
[  NORMAL ]  Iteration 342: 	k_eff = 1.253124	res = 4.908E-02
[  NORMAL ]  Iteration 343: 	k_eff = 1.253124	res = 4.908E-02
[  NORMAL ]  Iteration 344: 	k_eff = 1.253124	res = 4.908E-02
[  NORMAL ]  Iteration 345: 	k_eff = 1.253124	res = 4.908E-02
[  NORMAL ]  Iteration 346: 	k_eff = 1.253124	res = 4.908E-02
[  NORMAL ]  Iteration 347: 	k_eff = 1.253124	res = 4.908E-02
[  NORMAL ]  Iteration 348: 	k_eff = 1.253124	res = 4.908E-02
[  NORMAL ]  Iteration 349: 	k_eff = 1.253124	res = 4.908E-02
[  NORMAL ]  Iteration 350: 	k_eff = 1.253124	res = 4.908E-02
[  NORMAL ]  Iteration 351: 	k_eff = 1.253124	res = 4.908E-02
[  NORMAL ]  Iteration 352: 	k_eff = 1.253124	res = 4.908E-02
[  NORMAL ]  Iteration 353: 	k_eff = 1.253124	res = 4.908E-02
[  NORMAL ]  Iteration 354: 	k_eff = 1.253124	res = 4.908E-02
[  NORMAL ]  Iteration 355: 	k_eff = 1.253124	res = 4.908E-02
[  NORMAL ]  Iteration 356: 	k_eff = 1.253124	res = 4.908E-02
[  NORMAL ]  Iteration 357: 	k_eff = 1.253124	res = 4.908E-02
[  NORMAL ]  Iteration 358: 	k_eff = 1.253124	res = 4.908E-02
[  NORMAL ]  Iteration 359: 	k_eff = 1.253124	res = 4.908E-02
[  NORMAL ]  Iteration 360: 	k_eff = 1.253124	res = 4.908E-02
[  NORMAL ]  Iteration 361: 	k_eff = 1.253124	res = 4.908E-02
[  NORMAL ]  Iteration 362: 	k_eff = 1.253124	res = 4.908E-02
[  NORMAL ]  Iteration 363: 	k_eff = 1.253124	res = 4.908E-02
[  NORMAL ]  Iteration 364: 	k_eff = 1.253124	res = 4.908E-02
[  NORMAL ]  Iteration 365: 	k_eff = 1.253124	res = 4.908E-02
[  NORMAL ]  Iteration 366: 	k_eff = 1.253124	res = 4.908E-02
[  NORMAL ]  Iteration 367: 	k_eff = 1.253124	res = 4.908E-02
[  NORMAL ]  Iteration 368: 	k_eff = 1.253124	res = 4.908E-02
[  NORMAL ]  Iteration 369: 	k_eff = 1.253124	res = 4.908E-02
[  NORMAL ]  Iteration 370: 	k_eff = 1.253124	res = 4.908E-02
[  NORMAL ]  Iteration 371: 	k_eff = 1.253124	res = 4.908E-02
[  NORMAL ]  Iteration 372: 	k_eff = 1.253124	res = 4.908E-02
[  NORMAL ]  Iteration 373: 	k_eff = 1.253124	res = 4.908E-02
[  NORMAL ]  Iteration 374: 	k_eff = 1.253124	res = 4.908E-02
[  NORMAL ]  Iteration 375: 	k_eff = 1.253124	res = 4.908E-02
[  NORMAL ]  Iteration 376: 	k_eff = 1.253124	res = 4.908E-02
[  NORMAL ]  Iteration 377: 	k_eff = 1.253124	res = 4.908E-02
[  NORMAL ]  Iteration 378: 	k_eff = 1.253124	res = 4.908E-02
[  NORMAL ]  Iteration 379: 	k_eff = 1.253124	res = 4.908E-02
[  NORMAL ]  Iteration 380: 	k_eff = 1.253124	res = 4.908E-02
[  NORMAL ]  Iteration 381: 	k_eff = 1.253124	res = 4.908E-02
[  NORMAL ]  Iteration 382: 	k_eff = 1.253124	res = 4.908E-02
[  NORMAL ]  Iteration 383: 	k_eff = 1.253124	res = 4.908E-02
[  NORMAL ]  Iteration 384: 	k_eff = 1.253124	res = 4.908E-02
[  NORMAL ]  Iteration 385: 	k_eff = 1.253124	res = 4.908E-02
[  NORMAL ]  Iteration 386: 	k_eff = 1.253124	res = 4.908E-02
[  NORMAL ]  Iteration 387: 	k_eff = 1.253124	res = 4.908E-02
[  NORMAL ]  Iteration 388: 	k_eff = 1.253124	res = 4.908E-02
[  NORMAL ]  Iteration 389: 	k_eff = 1.253124	res = 4.908E-02
[  NORMAL ]  Iteration 390: 	k_eff = 1.253124	res = 4.908E-02
[  NORMAL ]  Iteration 391: 	k_eff = 1.253124	res = 4.908E-02
[  NORMAL ]  Iteration 392: 	k_eff = 1.253124	res = 4.908E-02
[  NORMAL ]  Iteration 393: 	k_eff = 1.253124	res = 4.908E-02
[  NORMAL ]  Iteration 394: 	k_eff = 1.253124	res = 4.908E-02
[  NORMAL ]  Iteration 395: 	k_eff = 1.253124	res = 4.908E-02
[  NORMAL ]  Iteration 396: 	k_eff = 1.253124	res = 4.908E-02
[  NORMAL ]  Iteration 397: 	k_eff = 1.253124	res = 4.908E-02
[  NORMAL ]  Iteration 398: 	k_eff = 1.253124	res = 4.908E-02
[  NORMAL ]  Iteration 399: 	k_eff = 1.253124	res = 4.908E-02
[  NORMAL ]  Iteration 400: 	k_eff = 1.253124	res = 4.908E-02
[  NORMAL ]  Iteration 401: 	k_eff = 1.253124	res = 4.908E-02
[  NORMAL ]  Iteration 402: 	k_eff = 1.253124	res = 4.908E-02
[  NORMAL ]  Iteration 403: 	k_eff = 1.253124	res = 4.908E-02
[  NORMAL ]  Iteration 404: 	k_eff = 1.253124	res = 4.908E-02
[  NORMAL ]  Iteration 405: 	k_eff = 1.253124	res = 4.908E-02
[  NORMAL ]  Iteration 406: 	k_eff = 1.253124	res = 4.908E-02
[  NORMAL ]  Iteration 407: 	k_eff = 1.253124	res = 4.908E-02
[  NORMAL ]  Iteration 408: 	k_eff = 1.253124	res = 4.908E-02
[  NORMAL ]  Iteration 409: 	k_eff = 1.253124	res = 4.908E-02
[  NORMAL ]  Iteration 410: 	k_eff = 1.253124	res = 4.908E-02
[  NORMAL ]  Iteration 411: 	k_eff = 1.253124	res = 4.908E-02
[  NORMAL ]  Iteration 412: 	k_eff = 1.253124	res = 4.908E-02
[  NORMAL ]  Iteration 413: 	k_eff = 1.253124	res = 4.908E-02
[  NORMAL ]  Iteration 414: 	k_eff = 1.253124	res = 4.908E-02
[  NORMAL ]  Iteration 415: 	k_eff = 1.253124	res = 4.908E-02
[  NORMAL ]  Iteration 416: 	k_eff = 1.253124	res = 4.908E-02
[  NORMAL ]  Iteration 417: 	k_eff = 1.253124	res = 4.908E-02
[  NORMAL ]  Iteration 418: 	k_eff = 1.253124	res = 4.908E-02
[  NORMAL ]  Iteration 419: 	k_eff = 1.253124	res = 4.908E-02
[  NORMAL ]  Iteration 420: 	k_eff = 1.253124	res = 4.908E-02
[  NORMAL ]  Iteration 421: 	k_eff = 1.253124	res = 4.908E-02
[  NORMAL ]  Iteration 422: 	k_eff = 1.253124	res = 4.908E-02
[  NORMAL ]  Iteration 423: 	k_eff = 1.253124	res = 4.908E-02
[  NORMAL ]  Iteration 424: 	k_eff = 1.253124	res = 4.908E-02
[  NORMAL ]  Iteration 425: 	k_eff = 1.253124	res = 4.908E-02
[  NORMAL ]  Iteration 426: 	k_eff = 1.253124	res = 4.908E-02
[  NORMAL ]  Iteration 427: 	k_eff = 1.253124	res = 4.908E-02
[  NORMAL ]  Iteration 428: 	k_eff = 1.253124	res = 4.908E-02
[  NORMAL ]  Iteration 429: 	k_eff = 1.253124	res = 4.908E-02
[  NORMAL ]  Iteration 430: 	k_eff = 1.253124	res = 4.908E-02
[  NORMAL ]  Iteration 431: 	k_eff = 1.253124	res = 4.908E-02
[  NORMAL ]  Iteration 432: 	k_eff = 1.253124	res = 4.908E-02
[  NORMAL ]  Iteration 433: 	k_eff = 1.253124	res = 4.908E-02
[  NORMAL ]  Iteration 434: 	k_eff = 1.253124	res = 4.908E-02
[  NORMAL ]  Iteration 435: 	k_eff = 1.253124	res = 4.908E-02
[  NORMAL ]  Iteration 436: 	k_eff = 1.253124	res = 4.908E-02
[  NORMAL ]  Iteration 437: 	k_eff = 1.253124	res = 4.908E-02
[  NORMAL ]  Iteration 438: 	k_eff = 1.253124	res = 4.908E-02
[  NORMAL ]  Iteration 439: 	k_eff = 1.253124	res = 4.908E-02
[  NORMAL ]  Iteration 440: 	k_eff = 1.253124	res = 4.908E-02
[  NORMAL ]  Iteration 441: 	k_eff = 1.253124	res = 4.908E-02
[  NORMAL ]  Iteration 442: 	k_eff = 1.253124	res = 4.908E-02
[  NORMAL ]  Iteration 443: 	k_eff = 1.253124	res = 4.908E-02
[  NORMAL ]  Iteration 444: 	k_eff = 1.253124	res = 4.908E-02
[  NORMAL ]  Iteration 445: 	k_eff = 1.253124	res = 4.908E-02
[  NORMAL ]  Iteration 446: 	k_eff = 1.253124	res = 4.908E-02
[  NORMAL ]  Iteration 447: 	k_eff = 1.253124	res = 4.908E-02
[  NORMAL ]  Iteration 448: 	k_eff = 1.253124	res = 4.908E-02
[  NORMAL ]  Iteration 449: 	k_eff = 1.253124	res = 4.908E-02
[  NORMAL ]  Iteration 450: 	k_eff = 1.253124	res = 4.908E-02
[  NORMAL ]  Iteration 451: 	k_eff = 1.253124	res = 4.908E-02
[  NORMAL ]  Iteration 452: 	k_eff = 1.253124	res = 4.908E-02
[  NORMAL ]  Iteration 453: 	k_eff = 1.253124	res = 4.908E-02
[  NORMAL ]  Iteration 454: 	k_eff = 1.253124	res = 4.908E-02
[  NORMAL ]  Iteration 455: 	k_eff = 1.253124	res = 4.908E-02
[  NORMAL ]  Iteration 456: 	k_eff = 1.253124	res = 4.908E-02
[  NORMAL ]  Iteration 457: 	k_eff = 1.253124	res = 4.908E-02
[  NORMAL ]  Iteration 458: 	k_eff = 1.253124	res = 4.908E-02
[  NORMAL ]  Iteration 459: 	k_eff = 1.253124	res = 4.908E-02
[  NORMAL ]  Iteration 460: 	k_eff = 1.253124	res = 4.908E-02
[  NORMAL ]  Iteration 461: 	k_eff = 1.253124	res = 4.908E-02
[  NORMAL ]  Iteration 462: 	k_eff = 1.253124	res = 4.908E-02
[  NORMAL ]  Iteration 463: 	k_eff = 1.253124	res = 4.908E-02
[  NORMAL ]  Iteration 464: 	k_eff = 1.253124	res = 4.908E-02
[  NORMAL ]  Iteration 465: 	k_eff = 1.253124	res = 4.908E-02
[  NORMAL ]  Iteration 466: 	k_eff = 1.253124	res = 4.908E-02
[  NORMAL ]  Iteration 467: 	k_eff = 1.253124	res = 4.908E-02
[  NORMAL ]  Iteration 468: 	k_eff = 1.253124	res = 4.908E-02
[  NORMAL ]  Iteration 469: 	k_eff = 1.253124	res = 4.908E-02
[  NORMAL ]  Iteration 470: 	k_eff = 1.253124	res = 4.908E-02
[  NORMAL ]  Iteration 471: 	k_eff = 1.253124	res = 4.908E-02
[  NORMAL ]  Iteration 472: 	k_eff = 1.253124	res = 4.908E-02
[  NORMAL ]  Iteration 473: 	k_eff = 1.253124	res = 4.908E-02
[  NORMAL ]  Iteration 474: 	k_eff = 1.253124	res = 4.908E-02
[  NORMAL ]  Iteration 475: 	k_eff = 1.253124	res = 4.908E-02
[  NORMAL ]  Iteration 476: 	k_eff = 1.253124	res = 4.908E-02
[  NORMAL ]  Iteration 477: 	k_eff = 1.253124	res = 4.908E-02
[  NORMAL ]  Iteration 478: 	k_eff = 1.253124	res = 4.908E-02
[  NORMAL ]  Iteration 479: 	k_eff = 1.253124	res = 4.908E-02
[  NORMAL ]  Iteration 480: 	k_eff = 1.253124	res = 4.908E-02
[  NORMAL ]  Iteration 481: 	k_eff = 1.253124	res = 4.908E-02
[  NORMAL ]  Iteration 482: 	k_eff = 1.253124	res = 4.908E-02
[  NORMAL ]  Iteration 483: 	k_eff = 1.253124	res = 4.908E-02
[  NORMAL ]  Iteration 484: 	k_eff = 1.253124	res = 4.908E-02
[  NORMAL ]  Iteration 485: 	k_eff = 1.253124	res = 4.908E-02
[  NORMAL ]  Iteration 486: 	k_eff = 1.253124	res = 4.908E-02
[  NORMAL ]  Iteration 487: 	k_eff = 1.253124	res = 4.908E-02
[  NORMAL ]  Iteration 488: 	k_eff = 1.253124	res = 4.908E-02
[  NORMAL ]  Iteration 489: 	k_eff = 1.253124	res = 4.908E-02
[  NORMAL ]  Iteration 490: 	k_eff = 1.253124	res = 4.908E-02
[  NORMAL ]  Iteration 491: 	k_eff = 1.253124	res = 4.908E-02
[  NORMAL ]  Iteration 492: 	k_eff = 1.253124	res = 4.908E-02
[  NORMAL ]  Iteration 493: 	k_eff = 1.253124	res = 4.908E-02
[  NORMAL ]  Iteration 494: 	k_eff = 1.253124	res = 4.908E-02
[  NORMAL ]  Iteration 495: 	k_eff = 1.253124	res = 4.908E-02
[  NORMAL ]  Iteration 496: 	k_eff = 1.253124	res = 4.908E-02
[  NORMAL ]  Iteration 497: 	k_eff = 1.253124	res = 4.908E-02
[  NORMAL ]  Iteration 498: 	k_eff = 1.253124	res = 4.908E-02
[  NORMAL ]  Iteration 499: 	k_eff = 1.253124	res = 4.908E-02
[  NORMAL ]  Iteration 500: 	k_eff = 1.253124	res = 4.908E-02
[  NORMAL ]  Iteration 501: 	k_eff = 1.253124	res = 4.908E-02
[  NORMAL ]  Iteration 502: 	k_eff = 1.253124	res = 4.908E-02
[  NORMAL ]  Iteration 503: 	k_eff = 1.253124	res = 4.908E-02
[  NORMAL ]  Iteration 504: 	k_eff = 1.253124	res = 4.908E-02
[  NORMAL ]  Iteration 505: 	k_eff = 1.253124	res = 4.908E-02
[  NORMAL ]  Iteration 506: 	k_eff = 1.253124	res = 4.908E-02
[  NORMAL ]  Iteration 507: 	k_eff = 1.253124	res = 4.908E-02
[  NORMAL ]  Iteration 508: 	k_eff = 1.253124	res = 4.908E-02
[  NORMAL ]  Iteration 509: 	k_eff = 1.253124	res = 4.908E-02
[  NORMAL ]  Iteration 510: 	k_eff = 1.253124	res = 4.908E-02
[  NORMAL ]  Iteration 511: 	k_eff = 1.253124	res = 4.908E-02
[  NORMAL ]  Iteration 512: 	k_eff = 1.253124	res = 4.908E-02
[  NORMAL ]  Iteration 513: 	k_eff = 1.253124	res = 4.908E-02
[  NORMAL ]  Iteration 514: 	k_eff = 1.253124	res = 4.908E-02
[  NORMAL ]  Iteration 515: 	k_eff = 1.253124	res = 4.908E-02
[  NORMAL ]  Iteration 516: 	k_eff = 1.253124	res = 4.908E-02
[  NORMAL ]  Iteration 517: 	k_eff = 1.253124	res = 4.908E-02
[  NORMAL ]  Iteration 518: 	k_eff = 1.253124	res = 4.908E-02
[  NORMAL ]  Iteration 519: 	k_eff = 1.253124	res = 4.908E-02
[  NORMAL ]  Iteration 520: 	k_eff = 1.253124	res = 4.908E-02
[  NORMAL ]  Iteration 521: 	k_eff = 1.253124	res = 4.908E-02
[  NORMAL ]  Iteration 522: 	k_eff = 1.253124	res = 4.908E-02
[  NORMAL ]  Iteration 523: 	k_eff = 1.253124	res = 4.908E-02
[  NORMAL ]  Iteration 524: 	k_eff = 1.253124	res = 4.908E-02
[  NORMAL ]  Iteration 525: 	k_eff = 1.253124	res = 4.908E-02
[  NORMAL ]  Iteration 526: 	k_eff = 1.253124	res = 4.908E-02
[  NORMAL ]  Iteration 527: 	k_eff = 1.253124	res = 4.908E-02
[  NORMAL ]  Iteration 528: 	k_eff = 1.253124	res = 4.908E-02
[  NORMAL ]  Iteration 529: 	k_eff = 1.253124	res = 4.908E-02
[  NORMAL ]  Iteration 530: 	k_eff = 1.253124	res = 4.908E-02
[  NORMAL ]  Iteration 531: 	k_eff = 1.253124	res = 4.908E-02
[  NORMAL ]  Iteration 532: 	k_eff = 1.253124	res = 4.908E-02
[  NORMAL ]  Iteration 533: 	k_eff = 1.253124	res = 4.908E-02
[  NORMAL ]  Iteration 534: 	k_eff = 1.253124	res = 4.908E-02
[  NORMAL ]  Iteration 535: 	k_eff = 1.253124	res = 4.908E-02
[  NORMAL ]  Iteration 536: 	k_eff = 1.253124	res = 4.908E-02
[  NORMAL ]  Iteration 537: 	k_eff = 1.253124	res = 4.908E-02
[  NORMAL ]  Iteration 538: 	k_eff = 1.253124	res = 4.908E-02
[  NORMAL ]  Iteration 539: 	k_eff = 1.253124	res = 4.908E-02
[  NORMAL ]  Iteration 540: 	k_eff = 1.253124	res = 4.908E-02
[  NORMAL ]  Iteration 541: 	k_eff = 1.253124	res = 4.908E-02
[  NORMAL ]  Iteration 542: 	k_eff = 1.253124	res = 4.908E-02
[  NORMAL ]  Iteration 543: 	k_eff = 1.253124	res = 4.908E-02
[  NORMAL ]  Iteration 544: 	k_eff = 1.253124	res = 4.908E-02
[  NORMAL ]  Iteration 545: 	k_eff = 1.253124	res = 4.908E-02
[  NORMAL ]  Iteration 546: 	k_eff = 1.253124	res = 4.908E-02
[  NORMAL ]  Iteration 547: 	k_eff = 1.253124	res = 4.908E-02
[  NORMAL ]  Iteration 548: 	k_eff = 1.253124	res = 4.908E-02
[  NORMAL ]  Iteration 549: 	k_eff = 1.253124	res = 4.908E-02
[  NORMAL ]  Iteration 550: 	k_eff = 1.253124	res = 4.908E-02
[  NORMAL ]  Iteration 551: 	k_eff = 1.253124	res = 4.908E-02
[  NORMAL ]  Iteration 552: 	k_eff = 1.253124	res = 4.908E-02
[  NORMAL ]  Iteration 553: 	k_eff = 1.253124	res = 4.908E-02
[  NORMAL ]  Iteration 554: 	k_eff = 1.253124	res = 4.908E-02
[  NORMAL ]  Iteration 555: 	k_eff = 1.253124	res = 4.908E-02
[  NORMAL ]  Iteration 556: 	k_eff = 1.253124	res = 4.908E-02
[  NORMAL ]  Iteration 557: 	k_eff = 1.253124	res = 4.908E-02
[  NORMAL ]  Iteration 558: 	k_eff = 1.253124	res = 4.908E-02
[  NORMAL ]  Iteration 559: 	k_eff = 1.253124	res = 4.908E-02
[  NORMAL ]  Iteration 560: 	k_eff = 1.253124	res = 4.908E-02
[  NORMAL ]  Iteration 561: 	k_eff = 1.253124	res = 4.908E-02
[  NORMAL ]  Iteration 562: 	k_eff = 1.253124	res = 4.908E-02
[  NORMAL ]  Iteration 563: 	k_eff = 1.253124	res = 4.908E-02
[  NORMAL ]  Iteration 564: 	k_eff = 1.253124	res = 4.908E-02
[  NORMAL ]  Iteration 565: 	k_eff = 1.253124	res = 4.908E-02
[  NORMAL ]  Iteration 566: 	k_eff = 1.253124	res = 4.908E-02
[  NORMAL ]  Iteration 567: 	k_eff = 1.253124	res = 4.908E-02
[  NORMAL ]  Iteration 568: 	k_eff = 1.253124	res = 4.908E-02
[  NORMAL ]  Iteration 569: 	k_eff = 1.253124	res = 4.908E-02
[  NORMAL ]  Iteration 570: 	k_eff = 1.253124	res = 4.908E-02
[  NORMAL ]  Iteration 571: 	k_eff = 1.253124	res = 4.908E-02
[  NORMAL ]  Iteration 572: 	k_eff = 1.253124	res = 4.908E-02
[  NORMAL ]  Iteration 573: 	k_eff = 1.253124	res = 4.908E-02
[  NORMAL ]  Iteration 574: 	k_eff = 1.253124	res = 4.908E-02
[  NORMAL ]  Iteration 575: 	k_eff = 1.253124	res = 4.908E-02
[  NORMAL ]  Iteration 576: 	k_eff = 1.253124	res = 4.908E-02
[  NORMAL ]  Iteration 577: 	k_eff = 1.253124	res = 4.908E-02
[  NORMAL ]  Iteration 578: 	k_eff = 1.253124	res = 4.908E-02
[  NORMAL ]  Iteration 579: 	k_eff = 1.253124	res = 4.908E-02
[  NORMAL ]  Iteration 580: 	k_eff = 1.253124	res = 4.908E-02
[  NORMAL ]  Iteration 581: 	k_eff = 1.253124	res = 4.908E-02
[  NORMAL ]  Iteration 582: 	k_eff = 1.253124	res = 4.908E-02
[  NORMAL ]  Iteration 583: 	k_eff = 1.253124	res = 4.908E-02
[  NORMAL ]  Iteration 584: 	k_eff = 1.253124	res = 4.908E-02
[  NORMAL ]  Iteration 585: 	k_eff = 1.253124	res = 4.908E-02
[  NORMAL ]  Iteration 586: 	k_eff = 1.253124	res = 4.908E-02
[  NORMAL ]  Iteration 587: 	k_eff = 1.253124	res = 4.908E-02
[  NORMAL ]  Iteration 588: 	k_eff = 1.253124	res = 4.908E-02
[  NORMAL ]  Iteration 589: 	k_eff = 1.253124	res = 4.908E-02
[  NORMAL ]  Iteration 590: 	k_eff = 1.253124	res = 4.908E-02
[  NORMAL ]  Iteration 591: 	k_eff = 1.253124	res = 4.908E-02
[  NORMAL ]  Iteration 592: 	k_eff = 1.253124	res = 4.908E-02
[  NORMAL ]  Iteration 593: 	k_eff = 1.253124	res = 4.908E-02
[  NORMAL ]  Iteration 594: 	k_eff = 1.253124	res = 4.908E-02
[  NORMAL ]  Iteration 595: 	k_eff = 1.253124	res = 4.908E-02
[  NORMAL ]  Iteration 596: 	k_eff = 1.253124	res = 4.908E-02
[  NORMAL ]  Iteration 597: 	k_eff = 1.253124	res = 4.908E-02
[  NORMAL ]  Iteration 598: 	k_eff = 1.253124	res = 4.908E-02
[  NORMAL ]  Iteration 599: 	k_eff = 1.253124	res = 4.908E-02
[  NORMAL ]  Iteration 600: 	k_eff = 1.253124	res = 4.908E-02
[  NORMAL ]  Iteration 601: 	k_eff = 1.253124	res = 4.908E-02
[  NORMAL ]  Iteration 602: 	k_eff = 1.253124	res = 4.908E-02
[  NORMAL ]  Iteration 603: 	k_eff = 1.253124	res = 4.908E-02
[  NORMAL ]  Iteration 604: 	k_eff = 1.253124	res = 4.908E-02
[  NORMAL ]  Iteration 605: 	k_eff = 1.253124	res = 4.908E-02
[  NORMAL ]  Iteration 606: 	k_eff = 1.253124	res = 4.908E-02
[  NORMAL ]  Iteration 607: 	k_eff = 1.253124	res = 4.908E-02
[  NORMAL ]  Iteration 608: 	k_eff = 1.253124	res = 4.908E-02
[  NORMAL ]  Iteration 609: 	k_eff = 1.253124	res = 4.908E-02
[  NORMAL ]  Iteration 610: 	k_eff = 1.253124	res = 4.908E-02
[  NORMAL ]  Iteration 611: 	k_eff = 1.253124	res = 4.908E-02
[  NORMAL ]  Iteration 612: 	k_eff = 1.253124	res = 4.908E-02
[  NORMAL ]  Iteration 613: 	k_eff = 1.253124	res = 4.908E-02
[  NORMAL ]  Iteration 614: 	k_eff = 1.253124	res = 4.908E-02
[  NORMAL ]  Iteration 615: 	k_eff = 1.253124	res = 4.908E-02
[  NORMAL ]  Iteration 616: 	k_eff = 1.253124	res = 4.908E-02
[  NORMAL ]  Iteration 617: 	k_eff = 1.253124	res = 4.908E-02
[  NORMAL ]  Iteration 618: 	k_eff = 1.253124	res = 4.908E-02
[  NORMAL ]  Iteration 619: 	k_eff = 1.253124	res = 4.908E-02
[  NORMAL ]  Iteration 620: 	k_eff = 1.253124	res = 4.908E-02
[  NORMAL ]  Iteration 621: 	k_eff = 1.253124	res = 4.908E-02
[  NORMAL ]  Iteration 622: 	k_eff = 1.253124	res = 4.908E-02
[  NORMAL ]  Iteration 623: 	k_eff = 1.253124	res = 4.908E-02
[  NORMAL ]  Iteration 624: 	k_eff = 1.253124	res = 4.908E-02
[  NORMAL ]  Iteration 625: 	k_eff = 1.253124	res = 4.908E-02
[  NORMAL ]  Iteration 626: 	k_eff = 1.253124	res = 4.908E-02
[  NORMAL ]  Iteration 627: 	k_eff = 1.253124	res = 4.908E-02
[  NORMAL ]  Iteration 628: 	k_eff = 1.253124	res = 4.908E-02
[  NORMAL ]  Iteration 629: 	k_eff = 1.253124	res = 4.908E-02
[  NORMAL ]  Iteration 630: 	k_eff = 1.253124	res = 4.908E-02
[  NORMAL ]  Iteration 631: 	k_eff = 1.253124	res = 4.908E-02
[  NORMAL ]  Iteration 632: 	k_eff = 1.253124	res = 4.908E-02
[  NORMAL ]  Iteration 633: 	k_eff = 1.253124	res = 4.908E-02
[  NORMAL ]  Iteration 634: 	k_eff = 1.253124	res = 4.908E-02
[  NORMAL ]  Iteration 635: 	k_eff = 1.253124	res = 4.908E-02
[  NORMAL ]  Iteration 636: 	k_eff = 1.253124	res = 4.908E-02
[  NORMAL ]  Iteration 637: 	k_eff = 1.253124	res = 4.908E-02
[  NORMAL ]  Iteration 638: 	k_eff = 1.253124	res = 4.908E-02
[  NORMAL ]  Iteration 639: 	k_eff = 1.253124	res = 4.908E-02
[  NORMAL ]  Iteration 640: 	k_eff = 1.253124	res = 4.908E-02
[  NORMAL ]  Iteration 641: 	k_eff = 1.253124	res = 4.908E-02
[  NORMAL ]  Iteration 642: 	k_eff = 1.253124	res = 4.908E-02
[  NORMAL ]  Iteration 643: 	k_eff = 1.253124	res = 4.908E-02
[  NORMAL ]  Iteration 644: 	k_eff = 1.253124	res = 4.908E-02
[  NORMAL ]  Iteration 645: 	k_eff = 1.253124	res = 4.908E-02
[  NORMAL ]  Iteration 646: 	k_eff = 1.253124	res = 4.908E-02
[  NORMAL ]  Iteration 647: 	k_eff = 1.253124	res = 4.908E-02
[  NORMAL ]  Iteration 648: 	k_eff = 1.253124	res = 4.908E-02
[  NORMAL ]  Iteration 649: 	k_eff = 1.253124	res = 4.908E-02
[  NORMAL ]  Iteration 650: 	k_eff = 1.253124	res = 4.908E-02
[  NORMAL ]  Iteration 651: 	k_eff = 1.253124	res = 4.908E-02
[  NORMAL ]  Iteration 652: 	k_eff = 1.253124	res = 4.908E-02
[  NORMAL ]  Iteration 653: 	k_eff = 1.253124	res = 4.908E-02
[  NORMAL ]  Iteration 654: 	k_eff = 1.253124	res = 4.908E-02
[  NORMAL ]  Iteration 655: 	k_eff = 1.253124	res = 4.908E-02
[  NORMAL ]  Iteration 656: 	k_eff = 1.253124	res = 4.908E-02
[  NORMAL ]  Iteration 657: 	k_eff = 1.253124	res = 4.908E-02
[  NORMAL ]  Iteration 658: 	k_eff = 1.253124	res = 4.908E-02
[  NORMAL ]  Iteration 659: 	k_eff = 1.253124	res = 4.908E-02
[  NORMAL ]  Iteration 660: 	k_eff = 1.253124	res = 4.908E-02
[  NORMAL ]  Iteration 661: 	k_eff = 1.253124	res = 4.908E-02
[  NORMAL ]  Iteration 662: 	k_eff = 1.253124	res = 4.908E-02
[  NORMAL ]  Iteration 663: 	k_eff = 1.253124	res = 4.908E-02
[  NORMAL ]  Iteration 664: 	k_eff = 1.253124	res = 4.908E-02
[  NORMAL ]  Iteration 665: 	k_eff = 1.253124	res = 4.908E-02
[  NORMAL ]  Iteration 666: 	k_eff = 1.253124	res = 4.908E-02
[  NORMAL ]  Iteration 667: 	k_eff = 1.253124	res = 4.908E-02
[  NORMAL ]  Iteration 668: 	k_eff = 1.253124	res = 4.908E-02
[  NORMAL ]  Iteration 669: 	k_eff = 1.253124	res = 4.908E-02
[  NORMAL ]  Iteration 670: 	k_eff = 1.253124	res = 4.908E-02
[  NORMAL ]  Iteration 671: 	k_eff = 1.253124	res = 4.908E-02
[  NORMAL ]  Iteration 672: 	k_eff = 1.253124	res = 4.908E-02
[  NORMAL ]  Iteration 673: 	k_eff = 1.253124	res = 4.908E-02
[  NORMAL ]  Iteration 674: 	k_eff = 1.253124	res = 4.908E-02
[  NORMAL ]  Iteration 675: 	k_eff = 1.253124	res = 4.908E-02
[  NORMAL ]  Iteration 676: 	k_eff = 1.253124	res = 4.908E-02
[  NORMAL ]  Iteration 677: 	k_eff = 1.253124	res = 4.908E-02
[  NORMAL ]  Iteration 678: 	k_eff = 1.253124	res = 4.908E-02
[  NORMAL ]  Iteration 679: 	k_eff = 1.253124	res = 4.908E-02
[  NORMAL ]  Iteration 680: 	k_eff = 1.253124	res = 4.908E-02
[  NORMAL ]  Iteration 681: 	k_eff = 1.253124	res = 4.908E-02
[  NORMAL ]  Iteration 682: 	k_eff = 1.253124	res = 4.908E-02
[  NORMAL ]  Iteration 683: 	k_eff = 1.253124	res = 4.908E-02
[  NORMAL ]  Iteration 684: 	k_eff = 1.253124	res = 4.908E-02
[  NORMAL ]  Iteration 685: 	k_eff = 1.253124	res = 4.908E-02
[  NORMAL ]  Iteration 686: 	k_eff = 1.253124	res = 4.908E-02
[  NORMAL ]  Iteration 687: 	k_eff = 1.253124	res = 4.908E-02
[  NORMAL ]  Iteration 688: 	k_eff = 1.253124	res = 4.908E-02
[  NORMAL ]  Iteration 689: 	k_eff = 1.253124	res = 4.908E-02
[  NORMAL ]  Iteration 690: 	k_eff = 1.253124	res = 4.908E-02
[  NORMAL ]  Iteration 691: 	k_eff = 1.253124	res = 4.908E-02
[  NORMAL ]  Iteration 692: 	k_eff = 1.253124	res = 4.908E-02
[  NORMAL ]  Iteration 693: 	k_eff = 1.253124	res = 4.908E-02
[  NORMAL ]  Iteration 694: 	k_eff = 1.253124	res = 4.908E-02
[  NORMAL ]  Iteration 695: 	k_eff = 1.253124	res = 4.908E-02
[  NORMAL ]  Iteration 696: 	k_eff = 1.253124	res = 4.908E-02
[  NORMAL ]  Iteration 697: 	k_eff = 1.253124	res = 4.908E-02
[  NORMAL ]  Iteration 698: 	k_eff = 1.253124	res = 4.908E-02
[  NORMAL ]  Iteration 699: 	k_eff = 1.253124	res = 4.908E-02
[  NORMAL ]  Iteration 700: 	k_eff = 1.253124	res = 4.908E-02
[  NORMAL ]  Iteration 701: 	k_eff = 1.253124	res = 4.908E-02
[  NORMAL ]  Iteration 702: 	k_eff = 1.253124	res = 4.908E-02
[  NORMAL ]  Iteration 703: 	k_eff = 1.253124	res = 4.908E-02
[  NORMAL ]  Iteration 704: 	k_eff = 1.253124	res = 4.908E-02
[  NORMAL ]  Iteration 705: 	k_eff = 1.253124	res = 4.908E-02
[  NORMAL ]  Iteration 706: 	k_eff = 1.253124	res = 4.908E-02
[  NORMAL ]  Iteration 707: 	k_eff = 1.253124	res = 4.908E-02
[  NORMAL ]  Iteration 708: 	k_eff = 1.253124	res = 4.908E-02
[  NORMAL ]  Iteration 709: 	k_eff = 1.253124	res = 4.908E-02
[  NORMAL ]  Iteration 710: 	k_eff = 1.253124	res = 4.908E-02
[  NORMAL ]  Iteration 711: 	k_eff = 1.253124	res = 4.908E-02
[  NORMAL ]  Iteration 712: 	k_eff = 1.253124	res = 4.908E-02
[  NORMAL ]  Iteration 713: 	k_eff = 1.253124	res = 4.908E-02
[  NORMAL ]  Iteration 714: 	k_eff = 1.253124	res = 4.908E-02
[  NORMAL ]  Iteration 715: 	k_eff = 1.253124	res = 4.908E-02
[  NORMAL ]  Iteration 716: 	k_eff = 1.253124	res = 4.908E-02
[  NORMAL ]  Iteration 717: 	k_eff = 1.253124	res = 4.908E-02
[  NORMAL ]  Iteration 718: 	k_eff = 1.253124	res = 4.908E-02
[  NORMAL ]  Iteration 719: 	k_eff = 1.253124	res = 4.908E-02
[  NORMAL ]  Iteration 720: 	k_eff = 1.253124	res = 4.908E-02
[  NORMAL ]  Iteration 721: 	k_eff = 1.253124	res = 4.908E-02
[  NORMAL ]  Iteration 722: 	k_eff = 1.253124	res = 4.908E-02
[  NORMAL ]  Iteration 723: 	k_eff = 1.253124	res = 4.908E-02
[  NORMAL ]  Iteration 724: 	k_eff = 1.253124	res = 4.908E-02
[  NORMAL ]  Iteration 725: 	k_eff = 1.253124	res = 4.908E-02
[  NORMAL ]  Iteration 726: 	k_eff = 1.253124	res = 4.908E-02
[  NORMAL ]  Iteration 727: 	k_eff = 1.253124	res = 4.908E-02
[  NORMAL ]  Iteration 728: 	k_eff = 1.253124	res = 4.908E-02
[  NORMAL ]  Iteration 729: 	k_eff = 1.253124	res = 4.908E-02
[  NORMAL ]  Iteration 730: 	k_eff = 1.253124	res = 4.908E-02
[  NORMAL ]  Iteration 731: 	k_eff = 1.253124	res = 4.908E-02
[  NORMAL ]  Iteration 732: 	k_eff = 1.253124	res = 4.908E-02
[  NORMAL ]  Iteration 733: 	k_eff = 1.253124	res = 4.908E-02
[  NORMAL ]  Iteration 734: 	k_eff = 1.253124	res = 4.908E-02
[  NORMAL ]  Iteration 735: 	k_eff = 1.253124	res = 4.908E-02
[  NORMAL ]  Iteration 736: 	k_eff = 1.253124	res = 4.908E-02
[  NORMAL ]  Iteration 737: 	k_eff = 1.253124	res = 4.908E-02
[  NORMAL ]  Iteration 738: 	k_eff = 1.253124	res = 4.908E-02
[  NORMAL ]  Iteration 739: 	k_eff = 1.253124	res = 4.908E-02
[  NORMAL ]  Iteration 740: 	k_eff = 1.253124	res = 4.908E-02
[  NORMAL ]  Iteration 741: 	k_eff = 1.253124	res = 4.908E-02
[  NORMAL ]  Iteration 742: 	k_eff = 1.253124	res = 4.908E-02
[  NORMAL ]  Iteration 743: 	k_eff = 1.253124	res = 4.908E-02
[  NORMAL ]  Iteration 744: 	k_eff = 1.253124	res = 4.908E-02
[  NORMAL ]  Iteration 745: 	k_eff = 1.253124	res = 4.908E-02
[  NORMAL ]  Iteration 746: 	k_eff = 1.253124	res = 4.908E-02
[  NORMAL ]  Iteration 747: 	k_eff = 1.253124	res = 4.908E-02
[  NORMAL ]  Iteration 748: 	k_eff = 1.253124	res = 4.908E-02
[  NORMAL ]  Iteration 749: 	k_eff = 1.253124	res = 4.908E-02
[  NORMAL ]  Iteration 750: 	k_eff = 1.253124	res = 4.908E-02
[  NORMAL ]  Iteration 751: 	k_eff = 1.253124	res = 4.908E-02
[  NORMAL ]  Iteration 752: 	k_eff = 1.253124	res = 4.908E-02
[  NORMAL ]  Iteration 753: 	k_eff = 1.253124	res = 4.908E-02
[  NORMAL ]  Iteration 754: 	k_eff = 1.253124	res = 4.908E-02
[  NORMAL ]  Iteration 755: 	k_eff = 1.253124	res = 4.908E-02
[  NORMAL ]  Iteration 756: 	k_eff = 1.253124	res = 4.908E-02
[  NORMAL ]  Iteration 757: 	k_eff = 1.253124	res = 4.908E-02
[  NORMAL ]  Iteration 758: 	k_eff = 1.253124	res = 4.908E-02
[  NORMAL ]  Iteration 759: 	k_eff = 1.253124	res = 4.908E-02
[  NORMAL ]  Iteration 760: 	k_eff = 1.253124	res = 4.908E-02
[  NORMAL ]  Iteration 761: 	k_eff = 1.253124	res = 4.908E-02
[  NORMAL ]  Iteration 762: 	k_eff = 1.253124	res = 4.908E-02
[  NORMAL ]  Iteration 763: 	k_eff = 1.253124	res = 4.908E-02
[  NORMAL ]  Iteration 764: 	k_eff = 1.253124	res = 4.908E-02
[  NORMAL ]  Iteration 765: 	k_eff = 1.253124	res = 4.908E-02
[  NORMAL ]  Iteration 766: 	k_eff = 1.253124	res = 4.908E-02
[  NORMAL ]  Iteration 767: 	k_eff = 1.253124	res = 4.908E-02
[  NORMAL ]  Iteration 768: 	k_eff = 1.253124	res = 4.908E-02
[  NORMAL ]  Iteration 769: 	k_eff = 1.253124	res = 4.908E-02
[  NORMAL ]  Iteration 770: 	k_eff = 1.253124	res = 4.908E-02
[  NORMAL ]  Iteration 771: 	k_eff = 1.253124	res = 4.908E-02
[  NORMAL ]  Iteration 772: 	k_eff = 1.253124	res = 4.908E-02
[  NORMAL ]  Iteration 773: 	k_eff = 1.253124	res = 4.908E-02
[  NORMAL ]  Iteration 774: 	k_eff = 1.253124	res = 4.908E-02
[  NORMAL ]  Iteration 775: 	k_eff = 1.253124	res = 4.908E-02
[  NORMAL ]  Iteration 776: 	k_eff = 1.253124	res = 4.908E-02
[  NORMAL ]  Iteration 777: 	k_eff = 1.253124	res = 4.908E-02
[  NORMAL ]  Iteration 778: 	k_eff = 1.253124	res = 4.908E-02
[  NORMAL ]  Iteration 779: 	k_eff = 1.253124	res = 4.908E-02
[  NORMAL ]  Iteration 780: 	k_eff = 1.253124	res = 4.908E-02
[  NORMAL ]  Iteration 781: 	k_eff = 1.253124	res = 4.908E-02
[  NORMAL ]  Iteration 782: 	k_eff = 1.253124	res = 4.908E-02
[  NORMAL ]  Iteration 783: 	k_eff = 1.253124	res = 4.908E-02
[  NORMAL ]  Iteration 784: 	k_eff = 1.253124	res = 4.908E-02
[  NORMAL ]  Iteration 785: 	k_eff = 1.253124	res = 4.908E-02
[  NORMAL ]  Iteration 786: 	k_eff = 1.253124	res = 4.908E-02
[  NORMAL ]  Iteration 787: 	k_eff = 1.253124	res = 4.908E-02
[  NORMAL ]  Iteration 788: 	k_eff = 1.253124	res = 4.908E-02
[  NORMAL ]  Iteration 789: 	k_eff = 1.253124	res = 4.908E-02
[  NORMAL ]  Iteration 790: 	k_eff = 1.253124	res = 4.908E-02
[  NORMAL ]  Iteration 791: 	k_eff = 1.253124	res = 4.908E-02
[  NORMAL ]  Iteration 792: 	k_eff = 1.253124	res = 4.908E-02
[  NORMAL ]  Iteration 793: 	k_eff = 1.253124	res = 4.908E-02
[  NORMAL ]  Iteration 794: 	k_eff = 1.253124	res = 4.908E-02
[  NORMAL ]  Iteration 795: 	k_eff = 1.253124	res = 4.908E-02
[  NORMAL ]  Iteration 796: 	k_eff = 1.253124	res = 4.908E-02
[  NORMAL ]  Iteration 797: 	k_eff = 1.253124	res = 4.908E-02
[  NORMAL ]  Iteration 798: 	k_eff = 1.253124	res = 4.908E-02
[  NORMAL ]  Iteration 799: 	k_eff = 1.253124	res = 4.908E-02
[  NORMAL ]  Iteration 800: 	k_eff = 1.253124	res = 4.908E-02
[  NORMAL ]  Iteration 801: 	k_eff = 1.253124	res = 4.908E-02
[  NORMAL ]  Iteration 802: 	k_eff = 1.253124	res = 4.908E-02
[  NORMAL ]  Iteration 803: 	k_eff = 1.253124	res = 4.908E-02
[  NORMAL ]  Iteration 804: 	k_eff = 1.253124	res = 4.908E-02
[  NORMAL ]  Iteration 805: 	k_eff = 1.253124	res = 4.908E-02
[  NORMAL ]  Iteration 806: 	k_eff = 1.253124	res = 4.908E-02
[  NORMAL ]  Iteration 807: 	k_eff = 1.253124	res = 4.908E-02
[  NORMAL ]  Iteration 808: 	k_eff = 1.253124	res = 4.908E-02
[  NORMAL ]  Iteration 809: 	k_eff = 1.253124	res = 4.908E-02
[  NORMAL ]  Iteration 810: 	k_eff = 1.253124	res = 4.908E-02
[  NORMAL ]  Iteration 811: 	k_eff = 1.253124	res = 4.908E-02
[  NORMAL ]  Iteration 812: 	k_eff = 1.253124	res = 4.908E-02
[  NORMAL ]  Iteration 813: 	k_eff = 1.253124	res = 4.908E-02
[  NORMAL ]  Iteration 814: 	k_eff = 1.253124	res = 4.908E-02
[  NORMAL ]  Iteration 815: 	k_eff = 1.253124	res = 4.908E-02
[  NORMAL ]  Iteration 816: 	k_eff = 1.253124	res = 4.908E-02
[  NORMAL ]  Iteration 817: 	k_eff = 1.253124	res = 4.908E-02
[  NORMAL ]  Iteration 818: 	k_eff = 1.253124	res = 4.908E-02
[  NORMAL ]  Iteration 819: 	k_eff = 1.253124	res = 4.908E-02
[  NORMAL ]  Iteration 820: 	k_eff = 1.253124	res = 4.908E-02
[  NORMAL ]  Iteration 821: 	k_eff = 1.253124	res = 4.908E-02
[  NORMAL ]  Iteration 822: 	k_eff = 1.253124	res = 4.908E-02
[  NORMAL ]  Iteration 823: 	k_eff = 1.253124	res = 4.908E-02
[  NORMAL ]  Iteration 824: 	k_eff = 1.253124	res = 4.908E-02
[  NORMAL ]  Iteration 825: 	k_eff = 1.253124	res = 4.908E-02
[  NORMAL ]  Iteration 826: 	k_eff = 1.253124	res = 4.908E-02
[  NORMAL ]  Iteration 827: 	k_eff = 1.253124	res = 4.908E-02
[  NORMAL ]  Iteration 828: 	k_eff = 1.253124	res = 4.908E-02
[  NORMAL ]  Iteration 829: 	k_eff = 1.253124	res = 4.908E-02
[  NORMAL ]  Iteration 830: 	k_eff = 1.253124	res = 4.908E-02
[  NORMAL ]  Iteration 831: 	k_eff = 1.253124	res = 4.908E-02
[  NORMAL ]  Iteration 832: 	k_eff = 1.253124	res = 4.908E-02
[  NORMAL ]  Iteration 833: 	k_eff = 1.253124	res = 4.908E-02
[  NORMAL ]  Iteration 834: 	k_eff = 1.253124	res = 4.908E-02
[  NORMAL ]  Iteration 835: 	k_eff = 1.253124	res = 4.908E-02
[  NORMAL ]  Iteration 836: 	k_eff = 1.253124	res = 4.908E-02
[  NORMAL ]  Iteration 837: 	k_eff = 1.253124	res = 4.908E-02
[  NORMAL ]  Iteration 838: 	k_eff = 1.253124	res = 4.908E-02
[  NORMAL ]  Iteration 839: 	k_eff = 1.253124	res = 4.908E-02
[  NORMAL ]  Iteration 840: 	k_eff = 1.253124	res = 4.908E-02
[  NORMAL ]  Iteration 841: 	k_eff = 1.253124	res = 4.908E-02
[  NORMAL ]  Iteration 842: 	k_eff = 1.253124	res = 4.908E-02
[  NORMAL ]  Iteration 843: 	k_eff = 1.253124	res = 4.908E-02
[  NORMAL ]  Iteration 844: 	k_eff = 1.253124	res = 4.908E-02
[  NORMAL ]  Iteration 845: 	k_eff = 1.253124	res = 4.908E-02
[  NORMAL ]  Iteration 846: 	k_eff = 1.253124	res = 4.908E-02
[  NORMAL ]  Iteration 847: 	k_eff = 1.253124	res = 4.908E-02
[  NORMAL ]  Iteration 848: 	k_eff = 1.253124	res = 4.908E-02
[  NORMAL ]  Iteration 849: 	k_eff = 1.253124	res = 4.908E-02
[  NORMAL ]  Iteration 850: 	k_eff = 1.253124	res = 4.908E-02
[  NORMAL ]  Iteration 851: 	k_eff = 1.253124	res = 4.908E-02
[  NORMAL ]  Iteration 852: 	k_eff = 1.253124	res = 4.908E-02
[  NORMAL ]  Iteration 853: 	k_eff = 1.253124	res = 4.908E-02
[  NORMAL ]  Iteration 854: 	k_eff = 1.253124	res = 4.908E-02
[  NORMAL ]  Iteration 855: 	k_eff = 1.253124	res = 4.908E-02
[  NORMAL ]  Iteration 856: 	k_eff = 1.253124	res = 4.908E-02
[  NORMAL ]  Iteration 857: 	k_eff = 1.253124	res = 4.908E-02
[  NORMAL ]  Iteration 858: 	k_eff = 1.253124	res = 4.908E-02
[  NORMAL ]  Iteration 859: 	k_eff = 1.253124	res = 4.908E-02
[  NORMAL ]  Iteration 860: 	k_eff = 1.253124	res = 4.908E-02
[  NORMAL ]  Iteration 861: 	k_eff = 1.253124	res = 4.908E-02
[  NORMAL ]  Iteration 862: 	k_eff = 1.253124	res = 4.908E-02
[  NORMAL ]  Iteration 863: 	k_eff = 1.253124	res = 4.908E-02
[  NORMAL ]  Iteration 864: 	k_eff = 1.253124	res = 4.908E-02
[  NORMAL ]  Iteration 865: 	k_eff = 1.253124	res = 4.908E-02
[  NORMAL ]  Iteration 866: 	k_eff = 1.253124	res = 4.908E-02
[  NORMAL ]  Iteration 867: 	k_eff = 1.253124	res = 4.908E-02
[  NORMAL ]  Iteration 868: 	k_eff = 1.253124	res = 4.908E-02
[  NORMAL ]  Iteration 869: 	k_eff = 1.253124	res = 4.908E-02
[  NORMAL ]  Iteration 870: 	k_eff = 1.253124	res = 4.908E-02
[  NORMAL ]  Iteration 871: 	k_eff = 1.253124	res = 4.908E-02
[  NORMAL ]  Iteration 872: 	k_eff = 1.253124	res = 4.908E-02
[  NORMAL ]  Iteration 873: 	k_eff = 1.253124	res = 4.908E-02
[  NORMAL ]  Iteration 874: 	k_eff = 1.253124	res = 4.908E-02
[  NORMAL ]  Iteration 875: 	k_eff = 1.253124	res = 4.908E-02
[  NORMAL ]  Iteration 876: 	k_eff = 1.253124	res = 4.908E-02
[  NORMAL ]  Iteration 877: 	k_eff = 1.253124	res = 4.908E-02
[  NORMAL ]  Iteration 878: 	k_eff = 1.253124	res = 4.908E-02
[  NORMAL ]  Iteration 879: 	k_eff = 1.253124	res = 4.908E-02
[  NORMAL ]  Iteration 880: 	k_eff = 1.253124	res = 4.908E-02
[  NORMAL ]  Iteration 881: 	k_eff = 1.253124	res = 4.908E-02
[  NORMAL ]  Iteration 882: 	k_eff = 1.253124	res = 4.908E-02
[  NORMAL ]  Iteration 883: 	k_eff = 1.253124	res = 4.908E-02
[  NORMAL ]  Iteration 884: 	k_eff = 1.253124	res = 4.908E-02
[  NORMAL ]  Iteration 885: 	k_eff = 1.253124	res = 4.908E-02
[  NORMAL ]  Iteration 886: 	k_eff = 1.253124	res = 4.908E-02
[  NORMAL ]  Iteration 887: 	k_eff = 1.253124	res = 4.908E-02
[  NORMAL ]  Iteration 888: 	k_eff = 1.253124	res = 4.908E-02
[  NORMAL ]  Iteration 889: 	k_eff = 1.253124	res = 4.908E-02
[  NORMAL ]  Iteration 890: 	k_eff = 1.253124	res = 4.908E-02
[  NORMAL ]  Iteration 891: 	k_eff = 1.253124	res = 4.908E-02
[  NORMAL ]  Iteration 892: 	k_eff = 1.253124	res = 4.908E-02
[  NORMAL ]  Iteration 893: 	k_eff = 1.253124	res = 4.908E-02
[  NORMAL ]  Iteration 894: 	k_eff = 1.253124	res = 4.908E-02
[  NORMAL ]  Iteration 895: 	k_eff = 1.253124	res = 4.908E-02
[  NORMAL ]  Iteration 896: 	k_eff = 1.253124	res = 4.908E-02
[  NORMAL ]  Iteration 897: 	k_eff = 1.253124	res = 4.908E-02
[  NORMAL ]  Iteration 898: 	k_eff = 1.253124	res = 4.908E-02
[  NORMAL ]  Iteration 899: 	k_eff = 1.253124	res = 4.908E-02
[  NORMAL ]  Iteration 900: 	k_eff = 1.253124	res = 4.908E-02
[  NORMAL ]  Iteration 901: 	k_eff = 1.253124	res = 4.908E-02
[  NORMAL ]  Iteration 902: 	k_eff = 1.253124	res = 4.908E-02
[  NORMAL ]  Iteration 903: 	k_eff = 1.253124	res = 4.908E-02
[  NORMAL ]  Iteration 904: 	k_eff = 1.253124	res = 4.908E-02
[  NORMAL ]  Iteration 905: 	k_eff = 1.253124	res = 4.908E-02
[  NORMAL ]  Iteration 906: 	k_eff = 1.253124	res = 4.908E-02
[  NORMAL ]  Iteration 907: 	k_eff = 1.253124	res = 4.908E-02
[  NORMAL ]  Iteration 908: 	k_eff = 1.253124	res = 4.908E-02
[  NORMAL ]  Iteration 909: 	k_eff = 1.253124	res = 4.908E-02
[  NORMAL ]  Iteration 910: 	k_eff = 1.253124	res = 4.908E-02
[  NORMAL ]  Iteration 911: 	k_eff = 1.253124	res = 4.908E-02
[  NORMAL ]  Iteration 912: 	k_eff = 1.253124	res = 4.908E-02
[  NORMAL ]  Iteration 913: 	k_eff = 1.253124	res = 4.908E-02
[  NORMAL ]  Iteration 914: 	k_eff = 1.253124	res = 4.908E-02
[  NORMAL ]  Iteration 915: 	k_eff = 1.253124	res = 4.908E-02
[  NORMAL ]  Iteration 916: 	k_eff = 1.253124	res = 4.908E-02
[  NORMAL ]  Iteration 917: 	k_eff = 1.253124	res = 4.908E-02
[  NORMAL ]  Iteration 918: 	k_eff = 1.253124	res = 4.908E-02
[  NORMAL ]  Iteration 919: 	k_eff = 1.253124	res = 4.908E-02
[  NORMAL ]  Iteration 920: 	k_eff = 1.253124	res = 4.908E-02
[  NORMAL ]  Iteration 921: 	k_eff = 1.253124	res = 4.908E-02
[  NORMAL ]  Iteration 922: 	k_eff = 1.253124	res = 4.908E-02
[  NORMAL ]  Iteration 923: 	k_eff = 1.253124	res = 4.908E-02
[  NORMAL ]  Iteration 924: 	k_eff = 1.253124	res = 4.908E-02
[  NORMAL ]  Iteration 925: 	k_eff = 1.253124	res = 4.908E-02
[  NORMAL ]  Iteration 926: 	k_eff = 1.253124	res = 4.908E-02
[  NORMAL ]  Iteration 927: 	k_eff = 1.253124	res = 4.908E-02
[  NORMAL ]  Iteration 928: 	k_eff = 1.253124	res = 4.908E-02
[  NORMAL ]  Iteration 929: 	k_eff = 1.253124	res = 4.908E-02
[  NORMAL ]  Iteration 930: 	k_eff = 1.253124	res = 4.908E-02
[  NORMAL ]  Iteration 931: 	k_eff = 1.253124	res = 4.908E-02
[  NORMAL ]  Iteration 932: 	k_eff = 1.253124	res = 4.908E-02
[  NORMAL ]  Iteration 933: 	k_eff = 1.253124	res = 4.908E-02
[  NORMAL ]  Iteration 934: 	k_eff = 1.253124	res = 4.908E-02
[  NORMAL ]  Iteration 935: 	k_eff = 1.253124	res = 4.908E-02
[  NORMAL ]  Iteration 936: 	k_eff = 1.253124	res = 4.908E-02
[  NORMAL ]  Iteration 937: 	k_eff = 1.253124	res = 4.908E-02
[  NORMAL ]  Iteration 938: 	k_eff = 1.253124	res = 4.908E-02
[  NORMAL ]  Iteration 939: 	k_eff = 1.253124	res = 4.908E-02
[  NORMAL ]  Iteration 940: 	k_eff = 1.253124	res = 4.908E-02
[  NORMAL ]  Iteration 941: 	k_eff = 1.253124	res = 4.908E-02
[  NORMAL ]  Iteration 942: 	k_eff = 1.253124	res = 4.908E-02
[  NORMAL ]  Iteration 943: 	k_eff = 1.253124	res = 4.908E-02
[  NORMAL ]  Iteration 944: 	k_eff = 1.253124	res = 4.908E-02
[  NORMAL ]  Iteration 945: 	k_eff = 1.253124	res = 4.908E-02
[  NORMAL ]  Iteration 946: 	k_eff = 1.253124	res = 4.908E-02
[  NORMAL ]  Iteration 947: 	k_eff = 1.253124	res = 4.908E-02
[  NORMAL ]  Iteration 948: 	k_eff = 1.253124	res = 4.908E-02
[  NORMAL ]  Iteration 949: 	k_eff = 1.253124	res = 4.908E-02
[  NORMAL ]  Iteration 950: 	k_eff = 1.253124	res = 4.908E-02
[  NORMAL ]  Iteration 951: 	k_eff = 1.253124	res = 4.908E-02
[  NORMAL ]  Iteration 952: 	k_eff = 1.253124	res = 4.908E-02
[  NORMAL ]  Iteration 953: 	k_eff = 1.253124	res = 4.908E-02
[  NORMAL ]  Iteration 954: 	k_eff = 1.253124	res = 4.908E-02
[  NORMAL ]  Iteration 955: 	k_eff = 1.253124	res = 4.908E-02
[  NORMAL ]  Iteration 956: 	k_eff = 1.253124	res = 4.908E-02
[  NORMAL ]  Iteration 957: 	k_eff = 1.253124	res = 4.908E-02
[  NORMAL ]  Iteration 958: 	k_eff = 1.253124	res = 4.908E-02
[  NORMAL ]  Iteration 959: 	k_eff = 1.253124	res = 4.908E-02
[  NORMAL ]  Iteration 960: 	k_eff = 1.253124	res = 4.908E-02
[  NORMAL ]  Iteration 961: 	k_eff = 1.253124	res = 4.908E-02
[  NORMAL ]  Iteration 962: 	k_eff = 1.253124	res = 4.908E-02
[  NORMAL ]  Iteration 963: 	k_eff = 1.253124	res = 4.908E-02
[  NORMAL ]  Iteration 964: 	k_eff = 1.253124	res = 4.908E-02
[  NORMAL ]  Iteration 965: 	k_eff = 1.253124	res = 4.908E-02
[  NORMAL ]  Iteration 966: 	k_eff = 1.253124	res = 4.908E-02
[  NORMAL ]  Iteration 967: 	k_eff = 1.253124	res = 4.908E-02
[  NORMAL ]  Iteration 968: 	k_eff = 1.253124	res = 4.908E-02
[  NORMAL ]  Iteration 969: 	k_eff = 1.253124	res = 4.908E-02
[  NORMAL ]  Iteration 970: 	k_eff = 1.253124	res = 4.908E-02
[  NORMAL ]  Iteration 971: 	k_eff = 1.253124	res = 4.908E-02
[  NORMAL ]  Iteration 972: 	k_eff = 1.253124	res = 4.908E-02
[  NORMAL ]  Iteration 973: 	k_eff = 1.253124	res = 4.908E-02
[  NORMAL ]  Iteration 974: 	k_eff = 1.253124	res = 4.908E-02
[  NORMAL ]  Iteration 975: 	k_eff = 1.253124	res = 4.908E-02
[  NORMAL ]  Iteration 976: 	k_eff = 1.253124	res = 4.908E-02
[  NORMAL ]  Iteration 977: 	k_eff = 1.253124	res = 4.908E-02
[  NORMAL ]  Iteration 978: 	k_eff = 1.253124	res = 4.908E-02
[  NORMAL ]  Iteration 979: 	k_eff = 1.253124	res = 4.908E-02
[  NORMAL ]  Iteration 980: 	k_eff = 1.253124	res = 4.908E-02
[  NORMAL ]  Iteration 981: 	k_eff = 1.253124	res = 4.908E-02
[  NORMAL ]  Iteration 982: 	k_eff = 1.253124	res = 4.908E-02
[  NORMAL ]  Iteration 983: 	k_eff = 1.253124	res = 4.908E-02
[  NORMAL ]  Iteration 984: 	k_eff = 1.253124	res = 4.908E-02
[  NORMAL ]  Iteration 985: 	k_eff = 1.253124	res = 4.908E-02
[  NORMAL ]  Iteration 986: 	k_eff = 1.253124	res = 4.908E-02
[  NORMAL ]  Iteration 987: 	k_eff = 1.253124	res = 4.908E-02
[  NORMAL ]  Iteration 988: 	k_eff = 1.253124	res = 4.908E-02
[  NORMAL ]  Iteration 989: 	k_eff = 1.253124	res = 4.908E-02
[  NORMAL ]  Iteration 990: 	k_eff = 1.253124	res = 4.908E-02
[  NORMAL ]  Iteration 991: 	k_eff = 1.253124	res = 4.908E-02
[  NORMAL ]  Iteration 992: 	k_eff = 1.253124	res = 4.908E-02
[  NORMAL ]  Iteration 993: 	k_eff = 1.253124	res = 4.908E-02
[  NORMAL ]  Iteration 994: 	k_eff = 1.253124	res = 4.908E-02
[  NORMAL ]  Iteration 995: 	k_eff = 1.253124	res = 4.908E-02
[  NORMAL ]  Iteration 996: 	k_eff = 1.253124	res = 4.908E-02
[  NORMAL ]  Iteration 997: 	k_eff = 1.253124	res = 4.908E-02
[  NORMAL ]  Iteration 998: 	k_eff = 1.253124	res = 4.908E-02
[  NORMAL ]  Iteration 999: 	k_eff = 1.253124	res = 4.908E-02
[ WARNING ]  Unable to converge the source after 1000 iterations
[  TITLE  ]  *******************************************************************
[  TITLE  ]                             TIMING REPORT                           
[  TITLE  ]  *******************************************************************
[  RESULT ]  Total time to solution...............................1.1640E+00 sec
[  RESULT ]  Solution time per unknown............................4.5467E-04 sec
[  RESULT ]  Solution time per iteration..........................1.1640E-03 sec
[  RESULT ]  Integration time per track segment...................1.9661E-07 sec
[SEPARATOR]  -------------------------------------------------------------------
[  RESULT ]             # tracks          # segments          # FSRs
[SEPARATOR]  -------------------------------------------------------------------
[  RESULT ]                184              5920              1280              
[SEPARATOR]  -------------------------------------------------------------------
[  NORMAL ]  Plotting data...
[  NORMAL ]  Plotting the tracks...
[  NORMAL ]  Plotting the segments...
[  NORMAL ]  Plotting the materials...
[  NORMAL ]  Plotting the cells...
[  NORMAL ]  Plotting the flat source regions...
[  NORMAL ]  Plotting the flat source region scalar fluxes...
[  TITLE  ]  *******************************************************************
[  TITLE  ]                               Finished                             
[  TITLE  ]  *******************************************************************
